in_apk /Users/Mahmoud/Documents/PhD_projects/Obfuscation/test_dataset/andrototal131/andrototal131.apk
out_apk /Users/Mahmoud/Documents/PhD_projects/Obfuscation/test_dataset/andrototal131/t16_andrototal131.apk
I: Using Apktool 2.0.1 on andrototal131.apk
I: Loading resource table...
I: Decoding AndroidManifest.xml with resources...
I: Loading resource table from file: /Users/Mahmoud/Library/apktool/framework/1.apk
I: Regular manifest package...
I: Decoding file-resources...
I: Decoding values */* XMLs...
I: Baksmaling classes.dex...
I: Copying assets and libs...
I: Copying unknown files...
I: Copying original files...
path:/Users/Mahmoud/Documents/PhD_projects/Obfuscation/test_dataset/andrototal131/andrototal131/
/Users/Mahmoud/Documents/PhD_projects/Obfuscation/test_dataset/andrototal131/andrototal131/smali/a/a/a/IIIiIIiiII.1.smali
/Users/Mahmoud/Documents/PhD_projects/Obfuscation/test_dataset/andrototal131/andrototal131/smali/a/a/a/IIiiIiIIii.10.smali
/Users/Mahmoud/Documents/PhD_projects/Obfuscation/test_dataset/andrototal131/andrototal131/smali/a/a/a/IIiiIiiIIi.11.smali
/Users/Mahmoud/Documents/PhD_projects/Obfuscation/test_dataset/andrototal131/andrototal131/smali/a/a/a/IIiiiIIiIi.12.smali
/Users/Mahmoud/Documents/PhD_projects/Obfuscation/test_dataset/andrototal131/andrototal131/smali/a/a/a/IIiiiiiIii.13.smali
/Users/Mahmoud/Documents/PhD_projects/Obfuscation/test_dataset/andrototal131/andrototal131/smali/a/a/a/IiIIIIIiii.14.smali
/Users/Mahmoud/Documents/PhD_projects/Obfuscation/test_dataset/andrototal131/andrototal131/smali/a/a/a/IiIIIiiIiI.15.smali
/Users/Mahmoud/Documents/PhD_projects/Obfuscation/test_dataset/andrototal131/andrototal131/smali/a/a/a/IiIiIIIiiI.16.smali
/Users/Mahmoud/Documents/PhD_projects/Obfuscation/test_dataset/andrototal131/andrototal131/smali/a/a/a/IiIiIIiIii.17.smali
/Users/Mahmoud/Documents/PhD_projects/Obfuscation/test_dataset/andrototal131/andrototal131/smali/a/a/a/IiiIIIIiII.18.smali
/Users/Mahmoud/Documents/PhD_projects/Obfuscation/test_dataset/andrototal131/andrototal131/smali/a/a/a/IiiIIIiIii.19.smali
/Users/Mahmoud/Documents/PhD_projects/Obfuscation/test_dataset/andrototal131/andrototal131/smali/a/a/a/IIIiIiiiII.2.smali
/Users/Mahmoud/Documents/PhD_projects/Obfuscation/test_dataset/andrototal131/andrototal131/smali/a/a/a/IiiIIiiiii.20.smali
/Users/Mahmoud/Documents/PhD_projects/Obfuscation/test_dataset/andrototal131/andrototal131/smali/a/a/a/IiiiIIIIIi.21.smali
/Users/Mahmoud/Documents/PhD_projects/Obfuscation/test_dataset/andrototal131/andrototal131/smali/a/a/a/IiiiiIiIII.22.smali
/Users/Mahmoud/Documents/PhD_projects/Obfuscation/test_dataset/andrototal131/andrototal131/smali/a/a/a/iIIiIIiIii.23.smali
/Users/Mahmoud/Documents/PhD_projects/Obfuscation/test_dataset/andrototal131/andrototal131/smali/a/a/a/iIIiIIiiiI.24.smali
/Users/Mahmoud/Documents/PhD_projects/Obfuscation/test_dataset/andrototal131/andrototal131/smali/a/a/a/iIiIIIiiIi.25.smali
/Users/Mahmoud/Documents/PhD_projects/Obfuscation/test_dataset/andrototal131/andrototal131/smali/a/a/a/iIiiIIiiIi.26.smali
/Users/Mahmoud/Documents/PhD_projects/Obfuscation/test_dataset/andrototal131/andrototal131/smali/a/a/a/iIiiiiIIIi.27.smali
/Users/Mahmoud/Documents/PhD_projects/Obfuscation/test_dataset/andrototal131/andrototal131/smali/a/a/a/iIiiiiiIIi.28.smali
/Users/Mahmoud/Documents/PhD_projects/Obfuscation/test_dataset/andrototal131/andrototal131/smali/a/a/a/iiIIIIiiii.29.smali
/Users/Mahmoud/Documents/PhD_projects/Obfuscation/test_dataset/andrototal131/andrototal131/smali/a/a/a/IIiIIIiiIi.3.smali
/Users/Mahmoud/Documents/PhD_projects/Obfuscation/test_dataset/andrototal131/andrototal131/smali/a/a/a/iiIIIiIIIi.30.smali
/Users/Mahmoud/Documents/PhD_projects/Obfuscation/test_dataset/andrototal131/andrototal131/smali/a/a/a/iiIIiiIIiI.31.smali
/Users/Mahmoud/Documents/PhD_projects/Obfuscation/test_dataset/andrototal131/andrototal131/smali/a/a/a/iiIIiiiIII.32.smali
/Users/Mahmoud/Documents/PhD_projects/Obfuscation/test_dataset/andrototal131/andrototal131/smali/a/a/a/iiIIiiiIiI.33.smali
/Users/Mahmoud/Documents/PhD_projects/Obfuscation/test_dataset/andrototal131/andrototal131/smali/a/a/a/iiIiIiIiii.34.smali
/Users/Mahmoud/Documents/PhD_projects/Obfuscation/test_dataset/andrototal131/andrototal131/smali/a/a/a/iiIiIiiIIi.35.smali
/Users/Mahmoud/Documents/PhD_projects/Obfuscation/test_dataset/andrototal131/andrototal131/smali/a/a/a/iiIiiIiiIi.36.smali
/Users/Mahmoud/Documents/PhD_projects/Obfuscation/test_dataset/andrototal131/andrototal131/smali/a/a/a/iiiIIIIIII.37.smali
/Users/Mahmoud/Documents/PhD_projects/Obfuscation/test_dataset/andrototal131/andrototal131/smali/a/a/a/iiiIIIIiii.38.smali
/Users/Mahmoud/Documents/PhD_projects/Obfuscation/test_dataset/andrototal131/andrototal131/smali/a/a/a/iiiIiiIIii.39.smali
/Users/Mahmoud/Documents/PhD_projects/Obfuscation/test_dataset/andrototal131/andrototal131/smali/a/a/a/IIiIIIIIIi.4.smali
/Users/Mahmoud/Documents/PhD_projects/Obfuscation/test_dataset/andrototal131/andrototal131/smali/a/a/a/iiiiIIIIii.40.smali
/Users/Mahmoud/Documents/PhD_projects/Obfuscation/test_dataset/andrototal131/andrototal131/smali/a/a/a/iiiiIIIiiI.41.smali
/Users/Mahmoud/Documents/PhD_projects/Obfuscation/test_dataset/andrototal131/andrototal131/smali/a/a/a/iiiiIIiIii.42.smali
/Users/Mahmoud/Documents/PhD_projects/Obfuscation/test_dataset/andrototal131/andrototal131/smali/a/a/a/iiiiiIiiII.43.smali
/Users/Mahmoud/Documents/PhD_projects/Obfuscation/test_dataset/andrototal131/andrototal131/smali/a/a/a/IIiIiIiIIi.5.smali
/Users/Mahmoud/Documents/PhD_projects/Obfuscation/test_dataset/andrototal131/andrototal131/smali/a/a/a/IIiIiIiiIi.6.smali
/Users/Mahmoud/Documents/PhD_projects/Obfuscation/test_dataset/andrototal131/andrototal131/smali/a/a/a/IIiIiIiiiI.7.smali
/Users/Mahmoud/Documents/PhD_projects/Obfuscation/test_dataset/andrototal131/andrototal131/smali/a/a/a/IIiIiIiiii.8.smali
/Users/Mahmoud/Documents/PhD_projects/Obfuscation/test_dataset/andrototal131/andrototal131/smali/a/a/a/IIiiIIiiII.9.smali
/Users/Mahmoud/Documents/PhD_projects/Obfuscation/test_dataset/andrototal131/andrototal131/smali/a/a/a/IIIIiIiIii.smali
/Users/Mahmoud/Documents/PhD_projects/Obfuscation/test_dataset/andrototal131/andrototal131/smali/b/a/a/a/IIiIiIiIIi.1.smali
/Users/Mahmoud/Documents/PhD_projects/Obfuscation/test_dataset/andrototal131/andrototal131/smali/b/a/a/a/IiiIIIiIii.10.smali
/Users/Mahmoud/Documents/PhD_projects/Obfuscation/test_dataset/andrototal131/andrototal131/smali/b/a/a/a/IiiiIIIIIi.11.smali
/Users/Mahmoud/Documents/PhD_projects/Obfuscation/test_dataset/andrototal131/andrototal131/smali/b/a/a/a/IiiiiIiIII.12.smali
/Users/Mahmoud/Documents/PhD_projects/Obfuscation/test_dataset/andrototal131/andrototal131/smali/b/a/a/a/iIIiIIiiiI.13.smali
/Users/Mahmoud/Documents/PhD_projects/Obfuscation/test_dataset/andrototal131/andrototal131/smali/b/a/a/a/iIiiIIiiIi.14.smali
/Users/Mahmoud/Documents/PhD_projects/Obfuscation/test_dataset/andrototal131/andrototal131/smali/b/a/a/a/iiIIIIiiii.15.smali
/Users/Mahmoud/Documents/PhD_projects/Obfuscation/test_dataset/andrototal131/andrototal131/smali/b/a/a/a/iiIIiiIIiI.16.smali
/Users/Mahmoud/Documents/PhD_projects/Obfuscation/test_dataset/andrototal131/andrototal131/smali/b/a/a/a/iiIIiiiIII.17.smali
/Users/Mahmoud/Documents/PhD_projects/Obfuscation/test_dataset/andrototal131/andrototal131/smali/b/a/a/a/iiIIiiiIiI.18.smali
/Users/Mahmoud/Documents/PhD_projects/Obfuscation/test_dataset/andrototal131/andrototal131/smali/b/a/a/a/iiIiiIiiIi.19.smali
/Users/Mahmoud/Documents/PhD_projects/Obfuscation/test_dataset/andrototal131/andrototal131/smali/b/a/a/a/IIIiIiiiII.2.smali
/Users/Mahmoud/Documents/PhD_projects/Obfuscation/test_dataset/andrototal131/andrototal131/smali/b/a/a/a/iiiIIIIiii.20.smali
/Users/Mahmoud/Documents/PhD_projects/Obfuscation/test_dataset/andrototal131/andrototal131/smali/b/a/a/a/iiiIiiIIii.21.smali
/Users/Mahmoud/Documents/PhD_projects/Obfuscation/test_dataset/andrototal131/andrototal131/smali/b/a/a/a/iiiiIIiIii.22.smali
/Users/Mahmoud/Documents/PhD_projects/Obfuscation/test_dataset/andrototal131/andrototal131/smali/b/a/a/a/IIiIiIiiiI.3.smali
/Users/Mahmoud/Documents/PhD_projects/Obfuscation/test_dataset/andrototal131/andrototal131/smali/b/a/a/a/IIiiIiiIIi.4.smali
/Users/Mahmoud/Documents/PhD_projects/Obfuscation/test_dataset/andrototal131/andrototal131/smali/b/a/a/a/IIiiiiiIii.5.smali
/Users/Mahmoud/Documents/PhD_projects/Obfuscation/test_dataset/andrototal131/andrototal131/smali/b/a/a/a/IiIIIIIiii.6.smali
/Users/Mahmoud/Documents/PhD_projects/Obfuscation/test_dataset/andrototal131/andrototal131/smali/b/a/a/a/IiIIIiiIiI.7.smali
/Users/Mahmoud/Documents/PhD_projects/Obfuscation/test_dataset/andrototal131/andrototal131/smali/b/a/a/a/IiIiIIiIii.8.smali
/Users/Mahmoud/Documents/PhD_projects/Obfuscation/test_dataset/andrototal131/andrototal131/smali/b/a/a/a/IiiIIIIiII.9.smali
/Users/Mahmoud/Documents/PhD_projects/Obfuscation/test_dataset/andrototal131/andrototal131/smali/b/a/a/a/IIIIiIiIii.smali
/Users/Mahmoud/Documents/PhD_projects/Obfuscation/test_dataset/andrototal131/andrototal131/smali/b/a/a/a/a/IIIiIiiiII.1.smali
/Users/Mahmoud/Documents/PhD_projects/Obfuscation/test_dataset/andrototal131/andrototal131/smali/b/a/a/a/a/IiIiIIiIii.10.smali
/Users/Mahmoud/Documents/PhD_projects/Obfuscation/test_dataset/andrototal131/andrototal131/smali/b/a/a/a/a/IiiIIIIiII.11.smali
/Users/Mahmoud/Documents/PhD_projects/Obfuscation/test_dataset/andrototal131/andrototal131/smali/b/a/a/a/a/IiiIIIiIii.12.smali
/Users/Mahmoud/Documents/PhD_projects/Obfuscation/test_dataset/andrototal131/andrototal131/smali/b/a/a/a/a/IiiiIIIIIi.13.smali
/Users/Mahmoud/Documents/PhD_projects/Obfuscation/test_dataset/andrototal131/andrototal131/smali/b/a/a/a/a/IiiiiIiIII.14.smali
/Users/Mahmoud/Documents/PhD_projects/Obfuscation/test_dataset/andrototal131/andrototal131/smali/b/a/a/a/a/iIIiIIiiiI.15.smali
/Users/Mahmoud/Documents/PhD_projects/Obfuscation/test_dataset/andrototal131/andrototal131/smali/b/a/a/a/a/iIiiIIiiIi.16.smali
/Users/Mahmoud/Documents/PhD_projects/Obfuscation/test_dataset/andrototal131/andrototal131/smali/b/a/a/a/a/iiIIIIiiii.17.smali
/Users/Mahmoud/Documents/PhD_projects/Obfuscation/test_dataset/andrototal131/andrototal131/smali/b/a/a/a/a/iiIIiiIIiI.18.smali
/Users/Mahmoud/Documents/PhD_projects/Obfuscation/test_dataset/andrototal131/andrototal131/smali/b/a/a/a/a/iiIIiiiIII.19.smali
/Users/Mahmoud/Documents/PhD_projects/Obfuscation/test_dataset/andrototal131/andrototal131/smali/b/a/a/a/a/IIiIIIiiIi.2.smali
/Users/Mahmoud/Documents/PhD_projects/Obfuscation/test_dataset/andrototal131/andrototal131/smali/b/a/a/a/a/iiIIiiiIiI.20.smali
/Users/Mahmoud/Documents/PhD_projects/Obfuscation/test_dataset/andrototal131/andrototal131/smali/b/a/a/a/a/iiIiIiIiii.21.smali
/Users/Mahmoud/Documents/PhD_projects/Obfuscation/test_dataset/andrototal131/andrototal131/smali/b/a/a/a/a/iiIiiIiiIi.22.smali
/Users/Mahmoud/Documents/PhD_projects/Obfuscation/test_dataset/andrototal131/andrototal131/smali/b/a/a/a/a/iiiIIIIiii.23.smali
/Users/Mahmoud/Documents/PhD_projects/Obfuscation/test_dataset/andrototal131/andrototal131/smali/b/a/a/a/a/iiiIiiIIii.24.smali
/Users/Mahmoud/Documents/PhD_projects/Obfuscation/test_dataset/andrototal131/andrototal131/smali/b/a/a/a/a/iiiiIIIIii.25.smali
/Users/Mahmoud/Documents/PhD_projects/Obfuscation/test_dataset/andrototal131/andrototal131/smali/b/a/a/a/a/iiiiIIiIii.26.smali
/Users/Mahmoud/Documents/PhD_projects/Obfuscation/test_dataset/andrototal131/andrototal131/smali/b/a/a/a/a/IIiIiIiIIi.3.smali
/Users/Mahmoud/Documents/PhD_projects/Obfuscation/test_dataset/andrototal131/andrototal131/smali/b/a/a/a/a/IIiiIIiiII.4.smali
/Users/Mahmoud/Documents/PhD_projects/Obfuscation/test_dataset/andrototal131/andrototal131/smali/b/a/a/a/a/IIiIiIiiiI.5.smali
/Users/Mahmoud/Documents/PhD_projects/Obfuscation/test_dataset/andrototal131/andrototal131/smali/b/a/a/a/a/IIiiIiiIIi.6.smali
/Users/Mahmoud/Documents/PhD_projects/Obfuscation/test_dataset/andrototal131/andrototal131/smali/b/a/a/a/a/IIiiiiiIii.7.smali
/Users/Mahmoud/Documents/PhD_projects/Obfuscation/test_dataset/andrototal131/andrototal131/smali/b/a/a/a/a/IiIIIIIiii.8.smali
/Users/Mahmoud/Documents/PhD_projects/Obfuscation/test_dataset/andrototal131/andrototal131/smali/b/a/a/a/a/IiIIIiiIiI.9.smali
/Users/Mahmoud/Documents/PhD_projects/Obfuscation/test_dataset/andrototal131/andrototal131/smali/b/a/a/a/a/IIIIiIiIii.smali
/Users/Mahmoud/Documents/PhD_projects/Obfuscation/test_dataset/andrototal131/andrototal131/smali/b/a/a/a/b/IIiIiIiiiI.1.smali
/Users/Mahmoud/Documents/PhD_projects/Obfuscation/test_dataset/andrototal131/andrototal131/smali/b/a/a/a/b/iiiIIIIiii.10.smali
/Users/Mahmoud/Documents/PhD_projects/Obfuscation/test_dataset/andrototal131/andrototal131/smali/b/a/a/a/b/iiiIiiIIii.11.smali
/Users/Mahmoud/Documents/PhD_projects/Obfuscation/test_dataset/andrototal131/andrototal131/smali/b/a/a/a/b/iiiiIIiIii.12.smali
/Users/Mahmoud/Documents/PhD_projects/Obfuscation/test_dataset/andrototal131/andrototal131/smali/b/a/a/a/b/IIIiIiiiII.2.smali
/Users/Mahmoud/Documents/PhD_projects/Obfuscation/test_dataset/andrototal131/andrototal131/smali/b/a/a/a/b/IIiiIiiIIi.3.smali
/Users/Mahmoud/Documents/PhD_projects/Obfuscation/test_dataset/andrototal131/andrototal131/smali/b/a/a/a/b/IiIIIIIiii.4.smali
/Users/Mahmoud/Documents/PhD_projects/Obfuscation/test_dataset/andrototal131/andrototal131/smali/b/a/a/a/b/IiIIIiiIiI.5.smali
/Users/Mahmoud/Documents/PhD_projects/Obfuscation/test_dataset/andrototal131/andrototal131/smali/b/a/a/a/b/iIiiIIiiIi.6.smali
/Users/Mahmoud/Documents/PhD_projects/Obfuscation/test_dataset/andrototal131/andrototal131/smali/b/a/a/a/b/iiIIiiIIiI.7.smali
/Users/Mahmoud/Documents/PhD_projects/Obfuscation/test_dataset/andrototal131/andrototal131/smali/b/a/a/a/b/iiIIiiiIII.8.smali
/Users/Mahmoud/Documents/PhD_projects/Obfuscation/test_dataset/andrototal131/andrototal131/smali/b/a/a/a/b/iiIiiIiiIi.9.smali
/Users/Mahmoud/Documents/PhD_projects/Obfuscation/test_dataset/andrototal131/andrototal131/smali/b/a/a/a/b/IIIIiIiIii.smali
/Users/Mahmoud/Documents/PhD_projects/Obfuscation/test_dataset/andrototal131/andrototal131/smali/b/a/a/a/c/iiiIiiIIii.1.smali
/Users/Mahmoud/Documents/PhD_projects/Obfuscation/test_dataset/andrototal131/andrototal131/smali/b/a/a/a/c/iiIIiiIIiI.smali
/Users/Mahmoud/Documents/PhD_projects/Obfuscation/test_dataset/andrototal131/andrototal131/smali/b/a/a/a/d/IIIiIiiiII.1.smali
/Users/Mahmoud/Documents/PhD_projects/Obfuscation/test_dataset/andrototal131/andrototal131/smali/b/a/a/a/d/iiiiIIiIii.10.smali
/Users/Mahmoud/Documents/PhD_projects/Obfuscation/test_dataset/andrototal131/andrototal131/smali/b/a/a/a/d/IIiIiIiiiI.2.smali
/Users/Mahmoud/Documents/PhD_projects/Obfuscation/test_dataset/andrototal131/andrototal131/smali/b/a/a/a/d/IiIIIIIiii.3.smali
/Users/Mahmoud/Documents/PhD_projects/Obfuscation/test_dataset/andrototal131/andrototal131/smali/b/a/a/a/d/IiIIIiiIiI.4.smali
/Users/Mahmoud/Documents/PhD_projects/Obfuscation/test_dataset/andrototal131/andrototal131/smali/b/a/a/a/d/iIiiIIiiIi.5.smali
/Users/Mahmoud/Documents/PhD_projects/Obfuscation/test_dataset/andrototal131/andrototal131/smali/b/a/a/a/d/iiIIiiIIiI.6.smali
/Users/Mahmoud/Documents/PhD_projects/Obfuscation/test_dataset/andrototal131/andrototal131/smali/b/a/a/a/d/iiIIiiiIII.7.smali
/Users/Mahmoud/Documents/PhD_projects/Obfuscation/test_dataset/andrototal131/andrototal131/smali/b/a/a/a/d/iiiIIIIiii.8.smali
/Users/Mahmoud/Documents/PhD_projects/Obfuscation/test_dataset/andrototal131/andrototal131/smali/b/a/a/a/d/iiiIiiIIii.9.smali
/Users/Mahmoud/Documents/PhD_projects/Obfuscation/test_dataset/andrototal131/andrototal131/smali/b/a/a/a/d/IIIIiIiIii.smali
/Users/Mahmoud/Documents/PhD_projects/Obfuscation/test_dataset/andrototal131/andrototal131/smali/b/a/a/a/e/iiiIiiIIii.1.smali
/Users/Mahmoud/Documents/PhD_projects/Obfuscation/test_dataset/andrototal131/andrototal131/smali/b/a/a/a/e/iiIIiiIIiI.smali
/Users/Mahmoud/Documents/PhD_projects/Obfuscation/test_dataset/andrototal131/andrototal131/smali/b/a/a/a/f/IiIIIiiIiI.1.smali
/Users/Mahmoud/Documents/PhD_projects/Obfuscation/test_dataset/andrototal131/andrototal131/smali/b/a/a/a/f/iIiiIIiiIi.2.smali
/Users/Mahmoud/Documents/PhD_projects/Obfuscation/test_dataset/andrototal131/andrototal131/smali/b/a/a/a/f/iiIIiiIIiI.3.smali
/Users/Mahmoud/Documents/PhD_projects/Obfuscation/test_dataset/andrototal131/andrototal131/smali/b/a/a/a/f/iiIIiiiIII.4.smali
/Users/Mahmoud/Documents/PhD_projects/Obfuscation/test_dataset/andrototal131/andrototal131/smali/b/a/a/a/f/iiiIIIIiii.5.smali
/Users/Mahmoud/Documents/PhD_projects/Obfuscation/test_dataset/andrototal131/andrototal131/smali/b/a/a/a/f/iiiIiiIIii.6.smali
/Users/Mahmoud/Documents/PhD_projects/Obfuscation/test_dataset/andrototal131/andrototal131/smali/b/a/a/a/f/IiIIIIIiii.smali
/Users/Mahmoud/Documents/PhD_projects/Obfuscation/test_dataset/andrototal131/andrototal131/smali/b/b/a/iIiiIIiiIi.1.smali
/Users/Mahmoud/Documents/PhD_projects/Obfuscation/test_dataset/andrototal131/andrototal131/smali/b/b/a/iiIIiiIIiI.2.smali
/Users/Mahmoud/Documents/PhD_projects/Obfuscation/test_dataset/andrototal131/andrototal131/smali/b/b/a/iiIIiiiIII.3.smali
/Users/Mahmoud/Documents/PhD_projects/Obfuscation/test_dataset/andrototal131/andrototal131/smali/b/b/a/iiiIiiIIii.4.smali
/Users/Mahmoud/Documents/PhD_projects/Obfuscation/test_dataset/andrototal131/andrototal131/smali/b/b/a/IiIIIIIiii.smali
/Users/Mahmoud/Documents/PhD_projects/Obfuscation/test_dataset/andrototal131/andrototal131/smali/b/b/a/a/iiIIiiIIiI.1.smali
/Users/Mahmoud/Documents/PhD_projects/Obfuscation/test_dataset/andrototal131/andrototal131/smali/b/b/a/a/iiiIiiIIii.2.smali
/Users/Mahmoud/Documents/PhD_projects/Obfuscation/test_dataset/andrototal131/andrototal131/smali/b/b/a/a/iIiiIIiiIi.smali
/Users/Mahmoud/Documents/PhD_projects/Obfuscation/test_dataset/andrototal131/andrototal131/smali/b/c/a/iIiiIIiiIi.1.smali
/Users/Mahmoud/Documents/PhD_projects/Obfuscation/test_dataset/andrototal131/andrototal131/smali/b/c/a/iiIIiiIIiI.2.smali
/Users/Mahmoud/Documents/PhD_projects/Obfuscation/test_dataset/andrototal131/andrototal131/smali/b/c/a/iiIIiiiIII.3.smali
/Users/Mahmoud/Documents/PhD_projects/Obfuscation/test_dataset/andrototal131/andrototal131/smali/b/c/a/iiiIIIIiii.4.smali
/Users/Mahmoud/Documents/PhD_projects/Obfuscation/test_dataset/andrototal131/andrototal131/smali/b/c/a/iiiIiiIIii.5.smali
/Users/Mahmoud/Documents/PhD_projects/Obfuscation/test_dataset/andrototal131/andrototal131/smali/b/c/a/IiIIIIIiii.smali
/Users/Mahmoud/Documents/PhD_projects/Obfuscation/test_dataset/andrototal131/andrototal131/smali/b/c/b/iiiIiiIIii.1.smali
/Users/Mahmoud/Documents/PhD_projects/Obfuscation/test_dataset/andrototal131/andrototal131/smali/b/c/b/iiIIiiIIiI.smali
/Users/Mahmoud/Documents/PhD_projects/Obfuscation/test_dataset/andrototal131/andrototal131/smali/b/d/a/iiiIiiIIii.1.smali
/Users/Mahmoud/Documents/PhD_projects/Obfuscation/test_dataset/andrototal131/andrototal131/smali/b/d/a/iiIIiiIIiI.2.smali
/Users/Mahmoud/Documents/PhD_projects/Obfuscation/test_dataset/andrototal131/andrototal131/smali/b/d/a/iIiiIIiiIi.smali
/Users/Mahmoud/Documents/PhD_projects/Obfuscation/test_dataset/andrototal131/andrototal131/smali/b/e/a/iiIIiiIIiI.1.smali
/Users/Mahmoud/Documents/PhD_projects/Obfuscation/test_dataset/andrototal131/andrototal131/smali/b/e/a/iiiIiiIIii.2.smali
/Users/Mahmoud/Documents/PhD_projects/Obfuscation/test_dataset/andrototal131/andrototal131/smali/b/e/a/iIiiIIiiIi.smali
/Users/Mahmoud/Documents/PhD_projects/Obfuscation/test_dataset/andrototal131/andrototal131/smali/b/f/a/iiIIiiIIiI.1.smali
/Users/Mahmoud/Documents/PhD_projects/Obfuscation/test_dataset/andrototal131/andrototal131/smali/b/f/a/iiiIiiIIii.2.smali
/Users/Mahmoud/Documents/PhD_projects/Obfuscation/test_dataset/andrototal131/andrototal131/smali/b/f/a/iIiiIIiiIi.smali
/Users/Mahmoud/Documents/PhD_projects/Obfuscation/test_dataset/andrototal131/andrototal131/smali/b/f/b/iiIIiiIIiI.1.smali
/Users/Mahmoud/Documents/PhD_projects/Obfuscation/test_dataset/andrototal131/andrototal131/smali/b/f/b/iiiIiiIIii.2.smali
/Users/Mahmoud/Documents/PhD_projects/Obfuscation/test_dataset/andrototal131/andrototal131/smali/b/f/b/iIiiIIiiIi.smali
/Users/Mahmoud/Documents/PhD_projects/Obfuscation/test_dataset/andrototal131/andrototal131/smali/b/g/a/iiIIiiIIiI.1.smali
/Users/Mahmoud/Documents/PhD_projects/Obfuscation/test_dataset/andrototal131/andrototal131/smali/b/g/a/iiiIiiIIii.2.smali
/Users/Mahmoud/Documents/PhD_projects/Obfuscation/test_dataset/andrototal131/andrototal131/smali/b/g/a/iIiiIIiiIi.smali
/Users/Mahmoud/Documents/PhD_projects/Obfuscation/test_dataset/andrototal131/andrototal131/smali/b/h/a/a/IIIIiiIiii.1.smali
/Users/Mahmoud/Documents/PhD_projects/Obfuscation/test_dataset/andrototal131/andrototal131/smali/b/h/a/a/IIiiIIiiII.10.smali
/Users/Mahmoud/Documents/PhD_projects/Obfuscation/test_dataset/andrototal131/andrototal131/smali/b/h/a/a/IIiiIiIIii.11.smali
/Users/Mahmoud/Documents/PhD_projects/Obfuscation/test_dataset/andrototal131/andrototal131/smali/b/h/a/a/IIiiIiiIIi.12.smali
/Users/Mahmoud/Documents/PhD_projects/Obfuscation/test_dataset/andrototal131/andrototal131/smali/b/h/a/a/IIiiiIIIIi.13.smali
/Users/Mahmoud/Documents/PhD_projects/Obfuscation/test_dataset/andrototal131/andrototal131/smali/b/h/a/a/IIiiiIIiIi.14.smali
/Users/Mahmoud/Documents/PhD_projects/Obfuscation/test_dataset/andrototal131/andrototal131/smali/b/h/a/a/IIiiiiiIii.15.smali
/Users/Mahmoud/Documents/PhD_projects/Obfuscation/test_dataset/andrototal131/andrototal131/smali/b/h/a/a/IiIIIIIiii.16.smali
/Users/Mahmoud/Documents/PhD_projects/Obfuscation/test_dataset/andrototal131/andrototal131/smali/b/h/a/a/IiIIIiiIiI.17.smali
/Users/Mahmoud/Documents/PhD_projects/Obfuscation/test_dataset/andrototal131/andrototal131/smali/b/h/a/a/IiIiIIIiiI.18.smali
/Users/Mahmoud/Documents/PhD_projects/Obfuscation/test_dataset/andrototal131/andrototal131/smali/b/h/a/a/IiIiIIiIii.19.smali
/Users/Mahmoud/Documents/PhD_projects/Obfuscation/test_dataset/andrototal131/andrototal131/smali/b/h/a/a/IIIiIIiiII.2.smali
/Users/Mahmoud/Documents/PhD_projects/Obfuscation/test_dataset/andrototal131/andrototal131/smali/b/h/a/a/IiiIIIIiII.20.smali
/Users/Mahmoud/Documents/PhD_projects/Obfuscation/test_dataset/andrototal131/andrototal131/smali/b/h/a/a/IiiIIIiIii.21.smali
/Users/Mahmoud/Documents/PhD_projects/Obfuscation/test_dataset/andrototal131/andrototal131/smali/b/h/a/a/IiiIIiiiii.22.smali
/Users/Mahmoud/Documents/PhD_projects/Obfuscation/test_dataset/andrototal131/andrototal131/smali/b/h/a/a/IiiiIIIIIi.23.smali
/Users/Mahmoud/Documents/PhD_projects/Obfuscation/test_dataset/andrototal131/andrototal131/smali/b/h/a/a/IiiiiIiIII.24.smali
/Users/Mahmoud/Documents/PhD_projects/Obfuscation/test_dataset/andrototal131/andrototal131/smali/b/h/a/a/iIIiIIiIii.25.smali
/Users/Mahmoud/Documents/PhD_projects/Obfuscation/test_dataset/andrototal131/andrototal131/smali/b/h/a/a/iIIiIIiiiI.26.smali
/Users/Mahmoud/Documents/PhD_projects/Obfuscation/test_dataset/andrototal131/andrototal131/smali/b/h/a/a/iIiIIIiiIi.27.smali
/Users/Mahmoud/Documents/PhD_projects/Obfuscation/test_dataset/andrototal131/andrototal131/smali/b/h/a/a/iIiiIIiiIi.28.smali
/Users/Mahmoud/Documents/PhD_projects/Obfuscation/test_dataset/andrototal131/andrototal131/smali/b/h/a/a/iIiiiiIIIi.29.smali
/Users/Mahmoud/Documents/PhD_projects/Obfuscation/test_dataset/andrototal131/andrototal131/smali/b/h/a/a/IIIiIiiiII.3.smali
/Users/Mahmoud/Documents/PhD_projects/Obfuscation/test_dataset/andrototal131/andrototal131/smali/b/h/a/a/iIiiiiiIIi.30.smali
/Users/Mahmoud/Documents/PhD_projects/Obfuscation/test_dataset/andrototal131/andrototal131/smali/b/h/a/a/iiIIIIiiii.31.smali
/Users/Mahmoud/Documents/PhD_projects/Obfuscation/test_dataset/andrototal131/andrototal131/smali/b/h/a/a/iiIIIiIIIi.32.smali
/Users/Mahmoud/Documents/PhD_projects/Obfuscation/test_dataset/andrototal131/andrototal131/smali/b/h/a/a/iiIIiiIIiI.33.smali
/Users/Mahmoud/Documents/PhD_projects/Obfuscation/test_dataset/andrototal131/andrototal131/smali/b/h/a/a/iiIIiiiIII.34.smali
/Users/Mahmoud/Documents/PhD_projects/Obfuscation/test_dataset/andrototal131/andrototal131/smali/b/h/a/a/iiIIiiiIiI.35.smali
/Users/Mahmoud/Documents/PhD_projects/Obfuscation/test_dataset/andrototal131/andrototal131/smali/b/h/a/a/iiIiIiIiii.36.smali
/Users/Mahmoud/Documents/PhD_projects/Obfuscation/test_dataset/andrototal131/andrototal131/smali/b/h/a/a/iiIiIiiIIi.37.smali
/Users/Mahmoud/Documents/PhD_projects/Obfuscation/test_dataset/andrototal131/andrototal131/smali/b/h/a/a/iiIiiIiiIi.38.smali
/Users/Mahmoud/Documents/PhD_projects/Obfuscation/test_dataset/andrototal131/andrototal131/smali/b/h/a/a/iiIiiiiIIi.39.smali
/Users/Mahmoud/Documents/PhD_projects/Obfuscation/test_dataset/andrototal131/andrototal131/smali/b/h/a/a/IIiIIIIIIi.4.smali
/Users/Mahmoud/Documents/PhD_projects/Obfuscation/test_dataset/andrototal131/andrototal131/smali/b/h/a/a/iiiIIIIIII.40.smali
/Users/Mahmoud/Documents/PhD_projects/Obfuscation/test_dataset/andrototal131/andrototal131/smali/b/h/a/a/iiiIIIIiii.41.smali
/Users/Mahmoud/Documents/PhD_projects/Obfuscation/test_dataset/andrototal131/andrototal131/smali/b/h/a/a/iiiIiiIIii.42.smali
/Users/Mahmoud/Documents/PhD_projects/Obfuscation/test_dataset/andrototal131/andrototal131/smali/b/h/a/a/iiiiIIIIii.43.smali
/Users/Mahmoud/Documents/PhD_projects/Obfuscation/test_dataset/andrototal131/andrototal131/smali/b/h/a/a/iiiiIIIiiI.44.smali
/Users/Mahmoud/Documents/PhD_projects/Obfuscation/test_dataset/andrototal131/andrototal131/smali/b/h/a/a/iiiiIIiIii.45.smali
/Users/Mahmoud/Documents/PhD_projects/Obfuscation/test_dataset/andrototal131/andrototal131/smali/b/h/a/a/iiiiiIiiII.46.smali
/Users/Mahmoud/Documents/PhD_projects/Obfuscation/test_dataset/andrototal131/andrototal131/smali/b/h/a/a/IIiIIIiiIi.5.smali
/Users/Mahmoud/Documents/PhD_projects/Obfuscation/test_dataset/andrototal131/andrototal131/smali/b/h/a/a/IIiIiIiIIi.6.smali
/Users/Mahmoud/Documents/PhD_projects/Obfuscation/test_dataset/andrototal131/andrototal131/smali/b/h/a/a/IIiIiIiiIi.7.smali
/Users/Mahmoud/Documents/PhD_projects/Obfuscation/test_dataset/andrototal131/andrototal131/smali/b/h/a/a/IIiIiIiiiI.8.smali
/Users/Mahmoud/Documents/PhD_projects/Obfuscation/test_dataset/andrototal131/andrototal131/smali/b/h/a/a/IIiIiIiiii.9.smali
/Users/Mahmoud/Documents/PhD_projects/Obfuscation/test_dataset/andrototal131/andrototal131/smali/b/h/a/a/IIIIiIiIii.smali
/Users/Mahmoud/Documents/PhD_projects/Obfuscation/test_dataset/andrototal131/andrototal131/smali/b/h/a/a/a/iiiIiiIIii.1.smali
/Users/Mahmoud/Documents/PhD_projects/Obfuscation/test_dataset/andrototal131/andrototal131/smali/b/h/a/a/a/iiIIiiIIiI.smali
/Users/Mahmoud/Documents/PhD_projects/Obfuscation/test_dataset/andrototal131/andrototal131/smali/c/a/a/a/iiIIiiIIiI.1.smali
/Users/Mahmoud/Documents/PhD_projects/Obfuscation/test_dataset/andrototal131/andrototal131/smali/c/a/a/a/iiiIiiIIii.2.smali
/Users/Mahmoud/Documents/PhD_projects/Obfuscation/test_dataset/andrototal131/andrototal131/smali/c/a/a/a/iIiiIIiiIi.smali
/Users/Mahmoud/Documents/PhD_projects/Obfuscation/test_dataset/andrototal131/andrototal131/smali/c/b/a/a/iiIIiiIIiI.1.smali
/Users/Mahmoud/Documents/PhD_projects/Obfuscation/test_dataset/andrototal131/andrototal131/smali/c/b/a/a/iiiIiiIIii.2.smali
/Users/Mahmoud/Documents/PhD_projects/Obfuscation/test_dataset/andrototal131/andrototal131/smali/c/b/a/a/iIiiIIiiIi.smali
/Users/Mahmoud/Documents/PhD_projects/Obfuscation/test_dataset/andrototal131/andrototal131/smali/d/a/iIiiIIiiIi.1.smali
/Users/Mahmoud/Documents/PhD_projects/Obfuscation/test_dataset/andrototal131/andrototal131/smali/d/a/iiIIiiIIiI.2.smali
/Users/Mahmoud/Documents/PhD_projects/Obfuscation/test_dataset/andrototal131/andrototal131/smali/d/a/iiIIiiiIII.3.smali
/Users/Mahmoud/Documents/PhD_projects/Obfuscation/test_dataset/andrototal131/andrototal131/smali/d/a/iiiIIIIiii.4.smali
/Users/Mahmoud/Documents/PhD_projects/Obfuscation/test_dataset/andrototal131/andrototal131/smali/d/a/iiiIiiIIii.5.smali
/Users/Mahmoud/Documents/PhD_projects/Obfuscation/test_dataset/andrototal131/andrototal131/smali/d/a/IiIIIIIiii.smali
/Users/Mahmoud/Documents/PhD_projects/Obfuscation/test_dataset/andrototal131/andrototal131/smali/e/a/a/IIIiIiiiII.1.smali
/Users/Mahmoud/Documents/PhD_projects/Obfuscation/test_dataset/andrototal131/andrototal131/smali/e/a/a/iiiIIIIiii.10.smali
/Users/Mahmoud/Documents/PhD_projects/Obfuscation/test_dataset/andrototal131/andrototal131/smali/e/a/a/iiiIiiIIii.11.smali
/Users/Mahmoud/Documents/PhD_projects/Obfuscation/test_dataset/andrototal131/andrototal131/smali/e/a/a/iiiiIIiIii.12.smali
/Users/Mahmoud/Documents/PhD_projects/Obfuscation/test_dataset/andrototal131/andrototal131/smali/e/a/a/IIiIiIiiiI.2.smali
/Users/Mahmoud/Documents/PhD_projects/Obfuscation/test_dataset/andrototal131/andrototal131/smali/e/a/a/IIiiIiiIIi.3.smali
/Users/Mahmoud/Documents/PhD_projects/Obfuscation/test_dataset/andrototal131/andrototal131/smali/e/a/a/IiIIIIIiii.4.smali
/Users/Mahmoud/Documents/PhD_projects/Obfuscation/test_dataset/andrototal131/andrototal131/smali/e/a/a/IiIIIiiIiI.5.smali
/Users/Mahmoud/Documents/PhD_projects/Obfuscation/test_dataset/andrototal131/andrototal131/smali/e/a/a/iIiiIIiiIi.6.smali
/Users/Mahmoud/Documents/PhD_projects/Obfuscation/test_dataset/andrototal131/andrototal131/smali/e/a/a/iiIIiiIIiI.7.smali
/Users/Mahmoud/Documents/PhD_projects/Obfuscation/test_dataset/andrototal131/andrototal131/smali/e/a/a/iiIIiiiIII.8.smali
/Users/Mahmoud/Documents/PhD_projects/Obfuscation/test_dataset/andrototal131/andrototal131/smali/e/a/a/iiIiiIiiIi.9.smali
/Users/Mahmoud/Documents/PhD_projects/Obfuscation/test_dataset/andrototal131/andrototal131/smali/e/a/a/IIIIiIiIii.smali
/Users/Mahmoud/Documents/PhD_projects/Obfuscation/test_dataset/andrototal131/andrototal131/smali/e/a/b/a/iiIIiiIIiI.1.smali
/Users/Mahmoud/Documents/PhD_projects/Obfuscation/test_dataset/andrototal131/andrototal131/smali/e/a/b/a/iiiIiiIIii.2.smali
/Users/Mahmoud/Documents/PhD_projects/Obfuscation/test_dataset/andrototal131/andrototal131/smali/e/a/b/a/iIiiIIiiIi.smali
/Users/Mahmoud/Documents/PhD_projects/Obfuscation/test_dataset/andrototal131/andrototal131/smali/a/a/a/IIIiIIiiII.1.smali
/Users/Mahmoud/Documents/PhD_projects/Obfuscation/test_dataset/andrototal131/andrototal131/smali/a/a/a/IIiiIiIIii.10.smali
/Users/Mahmoud/Documents/PhD_projects/Obfuscation/test_dataset/andrototal131/andrototal131/smali/a/a/a/IIiiIiiIIi.11.smali
/Users/Mahmoud/Documents/PhD_projects/Obfuscation/test_dataset/andrototal131/andrototal131/smali/a/a/a/IIiiiIIiIi.12.smali
/Users/Mahmoud/Documents/PhD_projects/Obfuscation/test_dataset/andrototal131/andrototal131/smali/a/a/a/IIiiiiiIii.13.smali
/Users/Mahmoud/Documents/PhD_projects/Obfuscation/test_dataset/andrototal131/andrototal131/smali/a/a/a/IiIIIIIiii.14.smali
/Users/Mahmoud/Documents/PhD_projects/Obfuscation/test_dataset/andrototal131/andrototal131/smali/a/a/a/IiIIIiiIiI.15.smali
/Users/Mahmoud/Documents/PhD_projects/Obfuscation/test_dataset/andrototal131/andrototal131/smali/a/a/a/IiIiIIIiiI.16.smali
/Users/Mahmoud/Documents/PhD_projects/Obfuscation/test_dataset/andrototal131/andrototal131/smali/a/a/a/IiIiIIiIii.17.smali
/Users/Mahmoud/Documents/PhD_projects/Obfuscation/test_dataset/andrototal131/andrototal131/smali/a/a/a/IiiIIIIiII.18.smali
/Users/Mahmoud/Documents/PhD_projects/Obfuscation/test_dataset/andrototal131/andrototal131/smali/a/a/a/IiiIIIiIii.19.smali
/Users/Mahmoud/Documents/PhD_projects/Obfuscation/test_dataset/andrototal131/andrototal131/smali/a/a/a/IIIiIiiiII.2.smali
/Users/Mahmoud/Documents/PhD_projects/Obfuscation/test_dataset/andrototal131/andrototal131/smali/a/a/a/IiiIIiiiii.20.smali
/Users/Mahmoud/Documents/PhD_projects/Obfuscation/test_dataset/andrototal131/andrototal131/smali/a/a/a/IiiiIIIIIi.21.smali
/Users/Mahmoud/Documents/PhD_projects/Obfuscation/test_dataset/andrototal131/andrototal131/smali/a/a/a/IiiiiIiIII.22.smali
/Users/Mahmoud/Documents/PhD_projects/Obfuscation/test_dataset/andrototal131/andrototal131/smali/a/a/a/iIIiIIiIii.23.smali
/Users/Mahmoud/Documents/PhD_projects/Obfuscation/test_dataset/andrototal131/andrototal131/smali/a/a/a/iIIiIIiiiI.24.smali
/Users/Mahmoud/Documents/PhD_projects/Obfuscation/test_dataset/andrototal131/andrototal131/smali/a/a/a/iIiIIIiiIi.25.smali
/Users/Mahmoud/Documents/PhD_projects/Obfuscation/test_dataset/andrototal131/andrototal131/smali/a/a/a/iIiiIIiiIi.26.smali
/Users/Mahmoud/Documents/PhD_projects/Obfuscation/test_dataset/andrototal131/andrototal131/smali/a/a/a/iIiiiiIIIi.27.smali
/Users/Mahmoud/Documents/PhD_projects/Obfuscation/test_dataset/andrototal131/andrototal131/smali/a/a/a/iIiiiiiIIi.28.smali
/Users/Mahmoud/Documents/PhD_projects/Obfuscation/test_dataset/andrototal131/andrototal131/smali/a/a/a/iiIIIIiiii.29.smali
/Users/Mahmoud/Documents/PhD_projects/Obfuscation/test_dataset/andrototal131/andrototal131/smali/a/a/a/IIiIIIiiIi.3.smali
/Users/Mahmoud/Documents/PhD_projects/Obfuscation/test_dataset/andrototal131/andrototal131/smali/a/a/a/iiIIIiIIIi.30.smali
/Users/Mahmoud/Documents/PhD_projects/Obfuscation/test_dataset/andrototal131/andrototal131/smali/a/a/a/iiIIiiIIiI.31.smali
/Users/Mahmoud/Documents/PhD_projects/Obfuscation/test_dataset/andrototal131/andrototal131/smali/a/a/a/iiIIiiiIII.32.smali
/Users/Mahmoud/Documents/PhD_projects/Obfuscation/test_dataset/andrototal131/andrototal131/smali/a/a/a/iiIIiiiIiI.33.smali
/Users/Mahmoud/Documents/PhD_projects/Obfuscation/test_dataset/andrototal131/andrototal131/smali/a/a/a/iiIiIiIiii.34.smali
/Users/Mahmoud/Documents/PhD_projects/Obfuscation/test_dataset/andrototal131/andrototal131/smali/a/a/a/iiIiIiiIIi.35.smali
/Users/Mahmoud/Documents/PhD_projects/Obfuscation/test_dataset/andrototal131/andrototal131/smali/a/a/a/iiIiiIiiIi.36.smali
/Users/Mahmoud/Documents/PhD_projects/Obfuscation/test_dataset/andrototal131/andrototal131/smali/a/a/a/iiiIIIIIII.37.smali
/Users/Mahmoud/Documents/PhD_projects/Obfuscation/test_dataset/andrototal131/andrototal131/smali/a/a/a/iiiIIIIiii.38.smali
/Users/Mahmoud/Documents/PhD_projects/Obfuscation/test_dataset/andrototal131/andrototal131/smali/a/a/a/iiiIiiIIii.39.smali
/Users/Mahmoud/Documents/PhD_projects/Obfuscation/test_dataset/andrototal131/andrototal131/smali/a/a/a/IIiIIIIIIi.4.smali
/Users/Mahmoud/Documents/PhD_projects/Obfuscation/test_dataset/andrototal131/andrototal131/smali/a/a/a/iiiiIIIIii.40.smali
/Users/Mahmoud/Documents/PhD_projects/Obfuscation/test_dataset/andrototal131/andrototal131/smali/a/a/a/iiiiIIIiiI.41.smali
/Users/Mahmoud/Documents/PhD_projects/Obfuscation/test_dataset/andrototal131/andrototal131/smali/a/a/a/iiiiIIiIii.42.smali
/Users/Mahmoud/Documents/PhD_projects/Obfuscation/test_dataset/andrototal131/andrototal131/smali/a/a/a/iiiiiIiiII.43.smali
/Users/Mahmoud/Documents/PhD_projects/Obfuscation/test_dataset/andrototal131/andrototal131/smali/a/a/a/IIiIiIiIIi.5.smali
/Users/Mahmoud/Documents/PhD_projects/Obfuscation/test_dataset/andrototal131/andrototal131/smali/a/a/a/IIiIiIiiIi.6.smali
/Users/Mahmoud/Documents/PhD_projects/Obfuscation/test_dataset/andrototal131/andrototal131/smali/a/a/a/IIiIiIiiiI.7.smali
/Users/Mahmoud/Documents/PhD_projects/Obfuscation/test_dataset/andrototal131/andrototal131/smali/a/a/a/IIiIiIiiii.8.smali
/Users/Mahmoud/Documents/PhD_projects/Obfuscation/test_dataset/andrototal131/andrototal131/smali/a/a/a/IIiiIIiiII.9.smali
/Users/Mahmoud/Documents/PhD_projects/Obfuscation/test_dataset/andrototal131/andrototal131/smali/a/a/a/IIIIiIiIii.smali
